<?xml version="1.0" encoding="UTF-8"?>
<!-- Generated by org.testng.reporters.JUnitReportReporter -->
<testsuite hostname="electra" failures="0" tests="3" name="com.crm.qa.testcases.LoginPageTest" time="93.346" errors="0" timestamp="25 Jun 2019 08:44:25 GMT" skipped="0">
  <testcase classname="com.crm.qa.testcases.LoginPageTest" name="loginPageTitleTest" time="30.752"/>
  <testcase classname="com.crm.qa.testcases.LoginPageTest" name="crmLogoImageTest" time="21.045"/>
  <testcase classname="com.crm.qa.testcases.LoginPageTest" name="loginTest" time="41.549"/>
</testsuite> <!-- com.crm.qa.testcases.LoginPageTest -->
