<?xml version="1.0" encoding="UTF-8"?>
<!-- Generated by org.testng.reporters.JUnitReportReporter -->
<testsuite hostname="electra" failures="0" tests="2" name="com.crm.qa.testcases.ContactPageTest" time="35.860" errors="0" timestamp="26 Apr 2019 03:58:28 GMT" skipped="0">
  <testcase classname="com.crm.qa.testcases.ContactPageTest" name="checkContact" time="17.095"/>
  <testcase classname="com.crm.qa.testcases.ContactPageTest" name="verifyContactLabelDisplayed" time="18.765"/>
</testsuite> <!-- com.crm.qa.testcases.ContactPageTest -->
