<?xml version="1.0" encoding="UTF-8"?>
<!-- Generated by org.testng.reporters.JUnitReportReporter -->
<testsuite hostname="electra" failures="0" tests="5" name="com.crm.qa.testcases.HomePageTest" time="86.082" errors="0" timestamp="26 Apr 2019 04:01:50 GMT" skipped="0">
  <testcase classname="com.crm.qa.testcases.HomePageTest" name="verifyUserName" time="14.857"/>
  <testcase classname="com.crm.qa.testcases.HomePageTest" name="ClickonContact" time="16.485"/>
  <testcase classname="com.crm.qa.testcases.HomePageTest" name="ClickonTask" time="17.689"/>
  <testcase classname="com.crm.qa.testcases.HomePageTest" name="verifyHomePageTitle" time="16.308"/>
  <testcase classname="com.crm.qa.testcases.HomePageTest" name="ClickonDeal" time="20.743"/>
</testsuite> <!-- com.crm.qa.testcases.HomePageTest -->
